# JRE version: OpenJDK Runtime Environment Temurin-11.0.21+9 (11.0.21+9) (build 11.0.21+9)
# Java VM: OpenJDK Client VM Temurin-11.0.21+9 (11.0.21+9, mixed mode, serial gc, windows-x86)
Heap:
 def new generation   total 23680K, used 14204K [0x04e00000, 0x067b0000, 0x0a350000)
  eden space 21056K,  55% used [0x04e00000, 0x0596e650, 0x06290000)
  from space 2624K,  95% used [0x06290000, 0x06500c10, 0x06520000)
  to   space 2624K,   0% used [0x06520000, 0x06520000, 0x067b0000)
 tenured generation   total 52536K, used 45178K [0x0a350000, 0x0d69e000, 0x14e00000)
   the space 52536K,  85% used [0x0a350000, 0x0cf6ea30, 0x0cf6ec00, 0x0d69e000)
 Metaspace       used 19861K, capacity 20270K, committed 20480K, reserved 20864K
GC Heap History (20 events):
Event: 82.775 GC heap before
{Heap before GC invocations=32 (full 4):
 def new generation   total 23680K, used 22207K [0x04e00000, 0x067b0000, 0x0a350000)
  eden space 21056K, 100% used [0x04e00000, 0x06290000, 0x06290000)
  from space 2624K,  43% used [0x06290000, 0x063afe28, 0x06520000)
  to   space 2624K,   0% used [0x06520000, 0x06520000, 0x067b0000)
 tenured generation   total 52536K, used 31521K [0x0a350000, 0x0d69e000, 0x14e00000)
   the space 52536K,  59% used [0x0a350000, 0x0c218510, 0x0c218600, 0x0d69e000)
 Metaspace       used 19515K, capacity 19879K, committed 20224K, reserved 20864K
}
Event: 82.778 GC heap after
{Heap after GC invocations=33 (full 4):
 def new generation   total 23680K, used 1550K [0x04e00000, 0x067b0000, 0x0a350000)
  eden space 21056K,   0% used [0x04e00000, 0x04e00000, 0x06290000)
  from space 2624K,  59% used [0x06520000, 0x066a3af8, 0x067b0000)
  to   space 2624K,   0% used [0x06290000, 0x06290000, 0x06520000)
 tenured generation   total 52536K, used 31521K [0x0a350000, 0x0d69e000, 0x14e00000)
   the space 52536K,  59% used [0x0a350000, 0x0c218510, 0x0c218600, 0x0d69e000)
 Metaspace       used 19515K, capacity 19879K, committed 20224K, reserved 20864K
}
Event: 83.295 GC heap before
{Heap before GC invocations=33 (full 4):
 def new generation   total 23680K, used 22606K [0x04e00000, 0x067b0000, 0x0a350000)
  eden space 21056K, 100% used [0x04e00000, 0x06290000, 0x06290000)
  from space 2624K,  59% used [0x06520000, 0x066a3af8, 0x067b0000)
  to   space 2624K,   0% used [0x06290000, 0x06290000, 0x06520000)
 tenured generation   total 52536K, used 31521K [0x0a350000, 0x0d69e000, 0x14e00000)
   the space 52536K,  59% used [0x0a350000, 0x0c218510, 0x0c218600, 0x0d69e000)
 Metaspace       used 19515K, capacity 19879K, committed 20224K, reserved 20864K
}
Event: 83.300 GC heap after
{Heap after GC invocations=34 (full 4):
 def new generation   total 23680K, used 2623K [0x04e00000, 0x067b0000, 0x0a350000)
  eden space 21056K,   0% used [0x04e00000, 0x04e00000, 0x06290000)
  from space 2624K,  99% used [0x06290000, 0x0651fff0, 0x06520000)
  to   space 2624K,   0% used [0x06520000, 0x06520000, 0x067b0000)
 tenured generation   total 52536K, used 32935K [0x0a350000, 0x0d69e000, 0x14e00000)
   the space 52536K,  62% used [0x0a350000, 0x0c379e80, 0x0c37a000, 0x0d69e000)
 Metaspace       used 19515K, capacity 19879K, committed 20224K, reserved 20864K
}
Event: 83.766 GC heap before
{Heap before GC invocations=34 (full 4):
 def new generation   total 23680K, used 23679K [0x04e00000, 0x067b0000, 0x0a350000)
  eden space 21056K, 100% used [0x04e00000, 0x06290000, 0x06290000)
  from space 2624K,  99% used [0x06290000, 0x0651fff0, 0x06520000)
  to   space 2624K,   0% used [0x06520000, 0x06520000, 0x067b0000)
 tenured generation   total 52536K, used 32935K [0x0a350000, 0x0d69e000, 0x14e00000)
   the space 52536K,  62% used [0x0a350000, 0x0c379e80, 0x0c37a000, 0x0d69e000)
 Metaspace       used 19543K, capacity 19930K, committed 20224K, reserved 20864K
}
Event: 83.769 GC heap after
{Heap after GC invocations=35 (full 4):
 def new generation   total 23680K, used 746K [0x04e00000, 0x067b0000, 0x0a350000)
  eden space 21056K,   0% used [0x04e00000, 0x04e00000, 0x06290000)
  from space 2624K,  28% used [0x06520000, 0x065daad0, 0x067b0000)
  to   space 2624K,   0% used [0x06290000, 0x06290000, 0x06520000)
 tenured generation   total 52536K, used 33708K [0x0a350000, 0x0d69e000, 0x14e00000)
   the space 52536K,  64% used [0x0a350000, 0x0c43b010, 0x0c43b200, 0x0d69e000)
 Metaspace       used 19543K, capacity 19930K, committed 20224K, reserved 20864K
}
Event: 84.358 GC heap before
{Heap before GC invocations=35 (full 4):
 def new generation   total 23680K, used 21802K [0x04e00000, 0x067b0000, 0x0a350000)
  eden space 21056K, 100% used [0x04e00000, 0x06290000, 0x06290000)
  from space 2624K,  28% used [0x06520000, 0x065daad0, 0x067b0000)
  to   space 2624K,   0% used [0x06290000, 0x06290000, 0x06520000)
 tenured generation   total 52536K, used 33708K [0x0a350000, 0x0d69e000, 0x14e00000)
   the space 52536K,  64% used [0x0a350000, 0x0c43b010, 0x0c43b200, 0x0d69e000)
 Metaspace       used 19543K, capacity 19930K, committed 20224K, reserved 20864K
}
Event: 84.360 GC heap after
{Heap after GC invocations=36 (full 4):
 def new generation   total 23680K, used 1785K [0x04e00000, 0x067b0000, 0x0a350000)
  eden space 21056K,   0% used [0x04e00000, 0x04e00000, 0x06290000)
  from space 2624K,  68% used [0x06290000, 0x0644e728, 0x06520000)
  to   space 2624K,   0% used [0x06520000, 0x06520000, 0x067b0000)
 tenured generation   total 52536K, used 33708K [0x0a350000, 0x0d69e000, 0x14e00000)
   the space 52536K,  64% used [0x0a350000, 0x0c43b010, 0x0c43b200, 0x0d69e000)
 Metaspace       used 19543K, capacity 19930K, committed 20224K, reserved 20864K
}
Event: 84.858 GC heap before
{Heap before GC invocations=36 (full 4):
 def new generation   total 23680K, used 22841K [0x04e00000, 0x067b0000, 0x0a350000)
  eden space 21056K, 100% used [0x04e00000, 0x06290000, 0x06290000)
  from space 2624K,  68% used [0x06290000, 0x0644e728, 0x06520000)
  to   space 2624K,   0% used [0x06520000, 0x06520000, 0x067b0000)
 tenured generation   total 52536K, used 33708K [0x0a350000, 0x0d69e000, 0x14e00000)
   the space 52536K,  64% used [0x0a350000, 0x0c43b010, 0x0c43b200, 0x0d69e000)
 Metaspace       used 19543K, capacity 19930K, committed 20224K, reserved 20864K
}
Event: 84.861 GC heap after
{Heap after GC invocations=37 (full 4):
 def new generation   total 23680K, used 1929K [0x04e00000, 0x067b0000, 0x0a350000)
  eden space 21056K,   0% used [0x04e00000, 0x04e00000, 0x06290000)
  from space 2624K,  73% used [0x06520000, 0x067027b8, 0x067b0000)
  to   space 2624K,   0% used [0x06290000, 0x06290000, 0x06520000)
 tenured generation   total 52536K, used 34156K [0x0a350000, 0x0d69e000, 0x14e00000)
   the space 52536K,  65% used [0x0a350000, 0x0c4ab3a0, 0x0c4ab400, 0x0d69e000)
 Metaspace       used 19543K, capacity 19930K, committed 20224K, reserved 20864K
}
Event: 86.388 GC heap before
{Heap before GC invocations=37 (full 4):
 def new generation   total 23680K, used 22985K [0x04e00000, 0x067b0000, 0x0a350000)
  eden space 21056K, 100% used [0x04e00000, 0x06290000, 0x06290000)
  from space 2624K,  73% used [0x06520000, 0x067027b8, 0x067b0000)
  to   space 2624K,   0% used [0x06290000, 0x06290000, 0x06520000)
 tenured generation   total 52536K, used 34156K [0x0a350000, 0x0d69e000, 0x14e00000)
   the space 52536K,  65% used [0x0a350000, 0x0c4ab3a0, 0x0c4ab400, 0x0d69e000)
 Metaspace       used 19543K, capacity 19930K, committed 20224K, reserved 20864K
}
Event: 86.389 GC heap after
{Heap after GC invocations=38 (full 4):
 def new generation   total 23680K, used 708K [0x04e00000, 0x067b0000, 0x0a350000)
  eden space 21056K,   0% used [0x04e00000, 0x04e00000, 0x06290000)
  from space 2624K,  26% used [0x06290000, 0x063410a0, 0x06520000)
  to   space 2624K,   0% used [0x06520000, 0x06520000, 0x067b0000)
 tenured generation   total 52536K, used 34156K [0x0a350000, 0x0d69e000, 0x14e00000)
   the space 52536K,  65% used [0x0a350000, 0x0c4ab3a0, 0x0c4ab400, 0x0d69e000)
 Metaspace       used 19543K, capacity 19930K, committed 20224K, reserved 20864K
}
Event: 87.007 GC heap before
{Heap before GC invocations=38 (full 4):
 def new generation   total 23680K, used 21764K [0x04e00000, 0x067b0000, 0x0a350000)
  eden space 21056K, 100% used [0x04e00000, 0x06290000, 0x06290000)
  from space 2624K,  26% used [0x06290000, 0x063410a0, 0x06520000)
  to   space 2624K,   0% used [0x06520000, 0x06520000, 0x067b0000)
 tenured generation   total 52536K, used 34156K [0x0a350000, 0x0d69e000, 0x14e00000)
   the space 52536K,  65% used [0x0a350000, 0x0c4ab3a0, 0x0c4ab400, 0x0d69e000)
 Metaspace       used 19543K, capacity 19930K, committed 20224K, reserved 20864K
}
Event: 87.012 GC heap after
{Heap after GC invocations=39 (full 4):
 def new generation   total 23680K, used 2623K [0x04e00000, 0x067b0000, 0x0a350000)
  eden space 21056K,   0% used [0x04e00000, 0x04e00000, 0x06290000)
  from space 2624K,  99% used [0x06520000, 0x067afff8, 0x067b0000)
  to   space 2624K,   0% used [0x06290000, 0x06290000, 0x06520000)
 tenured generation   total 52536K, used 34399K [0x0a350000, 0x0d69e000, 0x14e00000)
   the space 52536K,  65% used [0x0a350000, 0x0c4e7d20, 0x0c4e7e00, 0x0d69e000)
 Metaspace       used 19543K, capacity 19930K, committed 20224K, reserved 20864K
}
Event: 89.183 GC heap before
{Heap before GC invocations=39 (full 4):
 def new generation   total 23680K, used 23679K [0x04e00000, 0x067b0000, 0x0a350000)
  eden space 21056K, 100% used [0x04e00000, 0x06290000, 0x06290000)
  from space 2624K,  99% used [0x06520000, 0x067afff8, 0x067b0000)
  to   space 2624K,   0% used [0x06290000, 0x06290000, 0x06520000)
 tenured generation   total 52536K, used 34399K [0x0a350000, 0x0d69e000, 0x14e00000)
   the space 52536K,  65% used [0x0a350000, 0x0c4e7d20, 0x0c4e7e00, 0x0d69e000)
 Metaspace       used 19543K, capacity 19930K, committed 20224K, reserved 20864K
}
Event: 89.188 GC heap after
{Heap after GC invocations=40 (full 4):
 def new generation   total 23680K, used 2060K [0x04e00000, 0x067b0000, 0x0a350000)
  eden space 21056K,   0% used [0x04e00000, 0x04e00000, 0x06290000)
  from space 2624K,  78% used [0x06290000, 0x064930a0, 0x06520000)
  to   space 2624K,   0% used [0x06520000, 0x06520000, 0x067b0000)
 tenured generation   total 52536K, used 35142K [0x0a350000, 0x0d69e000, 0x14e00000)
   the space 52536K,  66% used [0x0a350000, 0x0c5a1978, 0x0c5a1a00, 0x0d69e000)
 Metaspace       used 19543K, capacity 19930K, committed 20224K, reserved 20864K
}
Event: 92.191 GC heap before
{Heap before GC invocations=40 (full 4):
 def new generation   total 23680K, used 23116K [0x04e00000, 0x067b0000, 0x0a350000)
  eden space 21056K, 100% used [0x04e00000, 0x06290000, 0x06290000)
  from space 2624K,  78% used [0x06290000, 0x064930a0, 0x06520000)
  to   space 2624K,   0% used [0x06520000, 0x06520000, 0x067b0000)
 tenured generation   total 52536K, used 35142K [0x0a350000, 0x0d69e000, 0x14e00000)
   the space 52536K,  66% used [0x0a350000, 0x0c5a1978, 0x0c5a1a00, 0x0d69e000)
 Metaspace       used 19687K, capacity 20061K, committed 20352K, reserved 20864K
}
Event: 92.193 GC heap after
{Heap after GC invocations=41 (full 4):
 def new generation   total 23680K, used 41K [0x04e00000, 0x067b0000, 0x0a350000)
  eden space 21056K,   0% used [0x04e00000, 0x04e00000, 0x06290000)
  from space 2624K,   1% used [0x06520000, 0x0652a4b8, 0x067b0000)
  to   space 2624K,   0% used [0x06290000, 0x06290000, 0x06520000)
 tenured generation   total 52536K, used 36048K [0x0a350000, 0x0d69e000, 0x14e00000)
   the space 52536K,  68% used [0x0a350000, 0x0c6843f8, 0x0c684400, 0x0d69e000)
 Metaspace       used 19687K, capacity 20061K, committed 20352K, reserved 20864K
}
Event: 96.689 GC heap before
{Heap before GC invocations=41 (full 4):
 def new generation   total 23680K, used 21019K [0x04e00000, 0x067b0000, 0x0a350000)
  eden space 21056K,  99% used [0x04e00000, 0x0627ca08, 0x06290000)
  from space 2624K,   1% used [0x06520000, 0x0652a4b8, 0x067b0000)
  to   space 2624K,   0% used [0x06290000, 0x06290000, 0x06520000)
 tenured generation   total 52536K, used 36048K [0x0a350000, 0x0d69e000, 0x14e00000)
   the space 52536K,  68% used [0x0a350000, 0x0c6843f8, 0x0c684400, 0x0d69e000)
 Metaspace       used 19847K, capacity 20234K, committed 20480K, reserved 20864K
}
Event: 96.695 GC heap after
{Heap after GC invocations=42 (full 4):
 def new generation   total 23680K, used 2499K [0x04e00000, 0x067b0000, 0x0a350000)
  eden space 21056K,   0% used [0x04e00000, 0x04e00000, 0x06290000)
  from space 2624K,  95% used [0x06290000, 0x06500c10, 0x06520000)
  to   space 2624K,   0% used [0x06520000, 0x06520000, 0x067b0000)
 tenured generation   total 52536K, used 45178K [0x0a350000, 0x0d69e000, 0x14e00000)
   the space 52536K,  85% used [0x0a350000, 0x0cf6ea30, 0x0cf6ec00, 0x0d69e000)
 Metaspace       used 19847K, capacity 20234K, committed 20480K, reserved 20864K
}

