# JRE version: OpenJDK Runtime Environment Temurin-11.0.21+9 (11.0.21+9) (build 11.0.21+9)
# Java VM: OpenJDK Client VM Temurin-11.0.21+9 (11.0.21+9, mixed mode, serial gc, windows-x86)
Heap:
 def new generation   total 48832K, used 9058K [0x05800000, 0x08cf0000, 0x0ad50000)
  eden space 43456K,   8% used [0x05800000, 0x05b98b58, 0x08270000)
  from space 5376K, 100% used [0x087b0000, 0x08cf0000, 0x08cf0000)
  to   space 5376K,   0% used [0x08270000, 0x08270000, 0x087b0000)
 tenured generation   total 108348K, used 85074K [0x0ad50000, 0x1171f000, 0x15800000)
   the space 108348K,  78% used [0x0ad50000, 0x10064888, 0x10064a00, 0x1171f000)
 Metaspace       used 19941K, capacity 20341K, committed 20608K, reserved 20864K
GC Heap History (20 events):
Event: 57.158 GC heap before
{Heap before GC invocations=47 (full 4):
 def new generation   total 23296K, used 21309K [0x05800000, 0x07140000, 0x0ad50000)
  eden space 20736K, 100% used [0x05800000, 0x06c40000, 0x06c40000)
  from space 2560K,  22% used [0x06ec0000, 0x06f4f648, 0x07140000)
  to   space 2560K,   0% used [0x06c40000, 0x06c40000, 0x06ec0000)
 tenured generation   total 51652K, used 35961K [0x0ad50000, 0x0dfc1000, 0x15800000)
   the space 51652K,  69% used [0x0ad50000, 0x0d06e6d8, 0x0d06e800, 0x0dfc1000)
 Metaspace       used 19831K, capacity 20238K, committed 20480K, reserved 20864K
}
Event: 57.160 GC heap after
{Heap after GC invocations=48 (full 4):
 def new generation   total 23296K, used 975K [0x05800000, 0x07140000, 0x0ad50000)
  eden space 20736K,   0% used [0x05800000, 0x05800000, 0x06c40000)
  from space 2560K,  38% used [0x06c40000, 0x06d33fa8, 0x06ec0000)
  to   space 2560K,   0% used [0x06ec0000, 0x06ec0000, 0x07140000)
 tenured generation   total 51652K, used 35961K [0x0ad50000, 0x0dfc1000, 0x15800000)
   the space 51652K,  69% used [0x0ad50000, 0x0d06e6d8, 0x0d06e800, 0x0dfc1000)
 Metaspace       used 19831K, capacity 20238K, committed 20480K, reserved 20864K
}
Event: 57.894 GC heap before
{Heap before GC invocations=48 (full 4):
 def new generation   total 23296K, used 21711K [0x05800000, 0x07140000, 0x0ad50000)
  eden space 20736K, 100% used [0x05800000, 0x06c40000, 0x06c40000)
  from space 2560K,  38% used [0x06c40000, 0x06d33fa8, 0x06ec0000)
  to   space 2560K,   0% used [0x06ec0000, 0x06ec0000, 0x07140000)
 tenured generation   total 51652K, used 35961K [0x0ad50000, 0x0dfc1000, 0x15800000)
   the space 51652K,  69% used [0x0ad50000, 0x0d06e6d8, 0x0d06e800, 0x0dfc1000)
 Metaspace       used 19831K, capacity 20238K, committed 20480K, reserved 20864K
}
Event: 57.894 GC heap after
{Heap after GC invocations=49 (full 4):
 def new generation   total 23296K, used 411K [0x05800000, 0x07140000, 0x0ad50000)
  eden space 20736K,   0% used [0x05800000, 0x05800000, 0x06c40000)
  from space 2560K,  16% used [0x06ec0000, 0x06f26f48, 0x07140000)
  to   space 2560K,   0% used [0x06c40000, 0x06c40000, 0x06ec0000)
 tenured generation   total 51652K, used 35961K [0x0ad50000, 0x0dfc1000, 0x15800000)
   the space 51652K,  69% used [0x0ad50000, 0x0d06e6d8, 0x0d06e800, 0x0dfc1000)
 Metaspace       used 19831K, capacity 20238K, committed 20480K, reserved 20864K
}
Event: 65.082 GC heap before
{Heap before GC invocations=49 (full 4):
 def new generation   total 23296K, used 21147K [0x05800000, 0x07140000, 0x0ad50000)
  eden space 20736K, 100% used [0x05800000, 0x06c40000, 0x06c40000)
  from space 2560K,  16% used [0x06ec0000, 0x06f26f48, 0x07140000)
  to   space 2560K,   0% used [0x06c40000, 0x06c40000, 0x06ec0000)
 tenured generation   total 51652K, used 35961K [0x0ad50000, 0x0dfc1000, 0x15800000)
   the space 51652K,  69% used [0x0ad50000, 0x0d06e6d8, 0x0d06e800, 0x0dfc1000)
 Metaspace       used 19844K, capacity 20239K, committed 20480K, reserved 20864K
}
Event: 65.086 GC heap after
{Heap after GC invocations=50 (full 4):
 def new generation   total 23296K, used 2168K [0x05800000, 0x07140000, 0x0ad50000)
  eden space 20736K,   0% used [0x05800000, 0x05800000, 0x06c40000)
  from space 2560K,  84% used [0x06c40000, 0x06e5e060, 0x06ec0000)
  to   space 2560K,   0% used [0x06ec0000, 0x06ec0000, 0x07140000)
 tenured generation   total 51652K, used 35961K [0x0ad50000, 0x0dfc1000, 0x15800000)
   the space 51652K,  69% used [0x0ad50000, 0x0d06e6d8, 0x0d06e800, 0x0dfc1000)
 Metaspace       used 19844K, capacity 20239K, committed 20480K, reserved 20864K
}
Event: 69.918 GC heap before
{Heap before GC invocations=50 (full 4):
 def new generation   total 23296K, used 22904K [0x05800000, 0x07140000, 0x0ad50000)
  eden space 20736K, 100% used [0x05800000, 0x06c40000, 0x06c40000)
  from space 2560K,  84% used [0x06c40000, 0x06e5e060, 0x06ec0000)
  to   space 2560K,   0% used [0x06ec0000, 0x06ec0000, 0x07140000)
 tenured generation   total 51652K, used 35961K [0x0ad50000, 0x0dfc1000, 0x15800000)
   the space 51652K,  69% used [0x0ad50000, 0x0d06e6d8, 0x0d06e800, 0x0dfc1000)
 Metaspace       used 19846K, capacity 20239K, committed 20480K, reserved 20864K
}
Event: 69.920 GC heap after
{Heap after GC invocations=51 (full 4):
 def new generation   total 23296K, used 1093K [0x05800000, 0x07140000, 0x0ad50000)
  eden space 20736K,   0% used [0x05800000, 0x05800000, 0x06c40000)
  from space 2560K,  42% used [0x06ec0000, 0x06fd14c0, 0x07140000)
  to   space 2560K,   0% used [0x06c40000, 0x06c40000, 0x06ec0000)
 tenured generation   total 51652K, used 35978K [0x0ad50000, 0x0dfc1000, 0x15800000)
   the space 51652K,  69% used [0x0ad50000, 0x0d072bb0, 0x0d072c00, 0x0dfc1000)
 Metaspace       used 19846K, capacity 20239K, committed 20480K, reserved 20864K
}
Event: 70.571 GC heap before
{Heap before GC invocations=51 (full 4):
 def new generation   total 23296K, used 21829K [0x05800000, 0x07140000, 0x0ad50000)
  eden space 20736K, 100% used [0x05800000, 0x06c40000, 0x06c40000)
  from space 2560K,  42% used [0x06ec0000, 0x06fd14c0, 0x07140000)
  to   space 2560K,   0% used [0x06c40000, 0x06c40000, 0x06ec0000)
 tenured generation   total 51652K, used 35978K [0x0ad50000, 0x0dfc1000, 0x15800000)
   the space 51652K,  69% used [0x0ad50000, 0x0d072bb0, 0x0d072c00, 0x0dfc1000)
 Metaspace       used 19846K, capacity 20239K, committed 20480K, reserved 20864K
}
Event: 70.578 GC heap after
{Heap after GC invocations=52 (full 4):
 def new generation   total 23296K, used 2559K [0x05800000, 0x07140000, 0x0ad50000)
  eden space 20736K,   0% used [0x05800000, 0x05800000, 0x06c40000)
  from space 2560K,  99% used [0x06c40000, 0x06ebfff0, 0x06ec0000)
  to   space 2560K,   0% used [0x06ec0000, 0x06ec0000, 0x07140000)
 tenured generation   total 51652K, used 36716K [0x0ad50000, 0x0dfc1000, 0x15800000)
   the space 51652K,  71% used [0x0ad50000, 0x0d12b1d8, 0x0d12b200, 0x0dfc1000)
 Metaspace       used 19846K, capacity 20239K, committed 20480K, reserved 20864K
}
Event: 80.244 GC heap before
{Heap before GC invocations=52 (full 4):
 def new generation   total 23296K, used 23150K [0x05800000, 0x07140000, 0x0ad50000)
  eden space 20736K,  99% used [0x05800000, 0x06c1b850, 0x06c40000)
  from space 2560K,  99% used [0x06c40000, 0x06ebfff0, 0x06ec0000)
  to   space 2560K,   0% used [0x06ec0000, 0x06ec0000, 0x07140000)
 tenured generation   total 51652K, used 36716K [0x0ad50000, 0x0dfc1000, 0x15800000)
   the space 51652K,  71% used [0x0ad50000, 0x0d12b1d8, 0x0d12b200, 0x0dfc1000)
 Metaspace       used 19857K, capacity 20247K, committed 20480K, reserved 20864K
}
Event: 80.261 GC heap after
{Heap after GC invocations=53 (full 4):
 def new generation   total 23296K, used 2559K [0x05800000, 0x07140000, 0x0ad50000)
  eden space 20736K,   0% used [0x05800000, 0x05800000, 0x06c40000)
  from space 2560K,  99% used [0x06ec0000, 0x0713ffe0, 0x07140000)
  to   space 2560K,   0% used [0x06c40000, 0x06c40000, 0x06ec0000)
 tenured generation   total 51652K, used 43341K [0x0ad50000, 0x0dfc1000, 0x15800000)
   the space 51652K,  83% used [0x0ad50000, 0x0d7a3440, 0x0d7a3600, 0x0dfc1000)
 Metaspace       used 19857K, capacity 20247K, committed 20480K, reserved 20864K
}
Event: 105.408 GC heap before
{Heap before GC invocations=53 (full 4):
 def new generation   total 23296K, used 23268K [0x05800000, 0x07140000, 0x0ad50000)
  eden space 20736K,  99% used [0x05800000, 0x06c393a0, 0x06c40000)
  from space 2560K,  99% used [0x06ec0000, 0x0713ffe0, 0x07140000)
  to   space 2560K,   0% used [0x06c40000, 0x06c40000, 0x06ec0000)
 tenured generation   total 51652K, used 43341K [0x0ad50000, 0x0dfc1000, 0x15800000)
   the space 51652K,  83% used [0x0ad50000, 0x0d7a3440, 0x0d7a3600, 0x0dfc1000)
 Metaspace       used 19901K, capacity 20296K, committed 20480K, reserved 20864K
}
Event: 110.326 GC heap after
{Heap after GC invocations=54 (full 5):
 def new generation   total 39744K, used 0K [0x05800000, 0x08310000, 0x0ad50000)
  eden space 35392K,   0% used [0x05800000, 0x05800000, 0x07a90000)
  from space 4352K,   0% used [0x07a90000, 0x07a90000, 0x07ed0000)
  to   space 4352K,   0% used [0x07ed0000, 0x07ed0000, 0x08310000)
 tenured generation   total 88136K, used 52880K [0x0ad50000, 0x10362000, 0x15800000)
   the space 88136K,  59% used [0x0ad50000, 0x0e0f41b0, 0x0e0f4200, 0x10362000)
 Metaspace       used 19856K, capacity 20240K, committed 20480K, reserved 20864K
}
Event: 110.994 GC heap before
{Heap before GC invocations=54 (full 5):
 def new generation   total 39744K, used 35251K [0x05800000, 0x08310000, 0x0ad50000)
  eden space 35392K,  99% used [0x05800000, 0x07a6cdf0, 0x07a90000)
  from space 4352K,   0% used [0x07a90000, 0x07a90000, 0x07ed0000)
  to   space 4352K,   0% used [0x07ed0000, 0x07ed0000, 0x08310000)
 tenured generation   total 88136K, used 52880K [0x0ad50000, 0x10362000, 0x15800000)
   the space 88136K,  59% used [0x0ad50000, 0x0e0f41b0, 0x0e0f4200, 0x10362000)
 Metaspace       used 19856K, capacity 20240K, committed 20480K, reserved 20864K
}
Event: 111.006 GC heap after
{Heap after GC invocations=55 (full 5):
 def new generation   total 39744K, used 4110K [0x05800000, 0x08310000, 0x0ad50000)
  eden space 35392K,   0% used [0x05800000, 0x05800000, 0x07a90000)
  from space 4352K,  94% used [0x07ed0000, 0x082d3b08, 0x08310000)
  to   space 4352K,   0% used [0x07a90000, 0x07a90000, 0x07ed0000)
 tenured generation   total 88136K, used 73700K [0x0ad50000, 0x10362000, 0x15800000)
   the space 88136K,  83% used [0x0ad50000, 0x0f5492c0, 0x0f549400, 0x10362000)
 Metaspace       used 19856K, capacity 20240K, committed 20480K, reserved 20864K
}
Event: 119.081 GC heap before
{Heap before GC invocations=55 (full 5):
 def new generation   total 39744K, used 39502K [0x05800000, 0x08310000, 0x0ad50000)
  eden space 35392K, 100% used [0x05800000, 0x07a90000, 0x07a90000)
  from space 4352K,  94% used [0x07ed0000, 0x082d3b08, 0x08310000)
  to   space 4352K,   0% used [0x07a90000, 0x07a90000, 0x07ed0000)
 tenured generation   total 88136K, used 73700K [0x0ad50000, 0x10362000, 0x15800000)
   the space 88136K,  83% used [0x0ad50000, 0x0f5492c0, 0x0f549400, 0x10362000)
 Metaspace       used 19874K, capacity 20282K, committed 20608K, reserved 20864K
}
Event: 119.210 GC heap after
{Heap after GC invocations=56 (full 6):
 def new generation   total 48832K, used 0K [0x05800000, 0x08cf0000, 0x0ad50000)
  eden space 43456K,   0% used [0x05800000, 0x05800000, 0x08270000)
  from space 5376K,   0% used [0x08270000, 0x08270000, 0x087b0000)
  to   space 5376K,   0% used [0x087b0000, 0x087b0000, 0x08cf0000)
 tenured generation   total 108348K, used 65007K [0x0ad50000, 0x1171f000, 0x15800000)
   the space 108348K,  59% used [0x0ad50000, 0x0eccbdd8, 0x0eccbe00, 0x1171f000)
 Metaspace       used 19874K, capacity 20282K, committed 20608K, reserved 20864K
}
Event: 144.666 GC heap before
{Heap before GC invocations=56 (full 6):
 def new generation   total 48832K, used 43456K [0x05800000, 0x08cf0000, 0x0ad50000)
  eden space 43456K, 100% used [0x05800000, 0x08270000, 0x08270000)
  from space 5376K,   0% used [0x08270000, 0x08270000, 0x087b0000)
  to   space 5376K,   0% used [0x087b0000, 0x087b0000, 0x08cf0000)
 tenured generation   total 108348K, used 65007K [0x0ad50000, 0x1171f000, 0x15800000)
   the space 108348K,  59% used [0x0ad50000, 0x0eccbdd8, 0x0eccbe00, 0x1171f000)
 Metaspace       used 19876K, capacity 20283K, committed 20608K, reserved 20864K
}
Event: 144.683 GC heap after
{Heap after GC invocations=57 (full 6):
 def new generation   total 48832K, used 5376K [0x05800000, 0x08cf0000, 0x0ad50000)
  eden space 43456K,   0% used [0x05800000, 0x05800000, 0x08270000)
  from space 5376K, 100% used [0x087b0000, 0x08cf0000, 0x08cf0000)
  to   space 5376K,   0% used [0x08270000, 0x08270000, 0x087b0000)
 tenured generation   total 108348K, used 85074K [0x0ad50000, 0x1171f000, 0x15800000)
   the space 108348K,  78% used [0x0ad50000, 0x10064888, 0x10064a00, 0x1171f000)
 Metaspace       used 19876K, capacity 20283K, committed 20608K, reserved 20864K
}

